build/app/intermediates/manifest_merge_blame_file/debug/manifest-merger-blame-debug-report.txt
1<?xml version="1.0" encoding="utf-8"?>
2<manifest xmlns:android="http://schemas.android.com/apk/res/android"
3    package="com.example.chatapp"
4    android:versionCode="1"
5    android:versionName="0.1.0" >
6
7    <uses-sdk
8        android:minSdkVersion="19"
9        android:targetSdkVersion="33" />
10    <!--
11         The INTERNET permission is required for development. Specifically,
12         the Flutter tool needs it to communicate with the running application
13         to allow setting breakpoints, to provide hot reload, etc.
14    -->
15    <uses-permission android:name="android.permission.INTERNET" />
15-->src\debug\AndroidManifest.xml:6:5-66
15-->src\debug\AndroidManifest.xml:6:22-64
16    <uses-permission android:name="android.permission.WAKE_LOCK" />
16-->[:firebase_messaging] AndroidManifest.xml:10:5-68
16-->[:firebase_messaging] AndroidManifest.xml:10:22-65
17    <uses-permission android:name="android.permission.ACCESS_NETWORK_STATE" /> <!-- Permissions options for the `notification` group -->
17-->[:firebase_messaging] AndroidManifest.xml:11:5-79
17-->[:firebase_messaging] AndroidManifest.xml:11:22-76
18    <uses-permission android:name="android.permission.POST_NOTIFICATIONS" /> <!-- Required by older versions of Google Play services to create IID tokens -->
18-->[:firebase_messaging] AndroidManifest.xml:13:5-77
18-->[:firebase_messaging] AndroidManifest.xml:13:22-74
19    <uses-permission android:name="com.google.android.c2dm.permission.RECEIVE" />
19-->[com.google.firebase:firebase-iid:21.1.0] AndroidManifest.xml:26:5-82
19-->[com.google.firebase:firebase-iid:21.1.0] AndroidManifest.xml:26:22-79
20
21    <permission
21-->[androidx.core:core:1.10.1] AndroidManifest.xml:22:5-24:47
22        android:name="com.example.chatapp.DYNAMIC_RECEIVER_NOT_EXPORTED_PERMISSION"
22-->[androidx.core:core:1.10.1] AndroidManifest.xml:23:9-81
23        android:protectionLevel="signature" />
23-->[androidx.core:core:1.10.1] AndroidManifest.xml:24:9-44
24
25    <uses-permission android:name="com.example.chatapp.DYNAMIC_RECEIVER_NOT_EXPORTED_PERMISSION" />
25-->[androidx.core:core:1.10.1] AndroidManifest.xml:26:5-97
25-->[androidx.core:core:1.10.1] AndroidManifest.xml:26:22-94
26
27    <application
28        android:name="android.app.Application"
29        android:appComponentFactory="androidx.core.app.CoreComponentFactory"
29-->[androidx.core:core:1.10.1] AndroidManifest.xml:28:18-86
30        android:debuggable="true"
31        android:icon="@mipmap/ic_launcher"
32        android:label="Chatter" >
33        <activity
34            android:name="com.example.chatapp.MainActivity"
35            android:configChanges="orientation|keyboardHidden|keyboard|screenSize|smallestScreenSize|locale|layoutDirection|fontScale|screenLayout|density|uiMode"
36            android:exported="true"
37            android:hardwareAccelerated="true"
38            android:launchMode="singleTop"
39            android:theme="@style/LaunchTheme"
40            android:windowSoftInputMode="adjustResize" >
41
42            <!--
43                 Specifies an Android theme to apply to this Activity as soon as
44                 the Android process has started. This theme is visible to the user
45                 while the Flutter UI initializes. After that, this theme continues
46                 to determine the Window background behind the Flutter UI.
47            -->
48            <meta-data
49                android:name="io.flutter.embedding.android.NormalTheme"
50                android:resource="@style/NormalTheme" />
51
52            <intent-filter>
53                <action android:name="android.intent.action.MAIN" />
54
55                <category android:name="android.intent.category.LAUNCHER" />
56            </intent-filter>
57        </activity>
58        <!--
59             Don't delete the meta-data below.
60             This is used by the Flutter tool to generate GeneratedPluginRegistrant.java
61        -->
62        <meta-data
63            android:name="flutterEmbedding"
64            android:value="2" />
65
66        <service
66-->[:firebase_auth] AndroidManifest.xml:10:9-14:19
67            android:name="com.google.firebase.components.ComponentDiscoveryService"
67-->[:firebase_auth] AndroidManifest.xml:10:18-89
68            android:directBootAware="true"
68-->[com.google.firebase:firebase-common:20.3.3] AndroidManifest.xml:34:13-43
69            android:exported="false" >
69-->[com.google.firebase:firebase-auth:22.0.0] AndroidManifest.xml:68:13-37
70            <meta-data
70-->[:firebase_auth] AndroidManifest.xml:11:13-13:85
71                android:name="com.google.firebase.components:io.flutter.plugins.firebase.auth.FlutterFirebaseAuthRegistrar"
71-->[:firebase_auth] AndroidManifest.xml:12:17-124
72                android:value="com.google.firebase.components.ComponentRegistrar" />
72-->[:firebase_auth] AndroidManifest.xml:13:17-82
73            <meta-data
73-->[:firebase_storage] AndroidManifest.xml:11:13-13:85
74                android:name="com.google.firebase.components:io.flutter.plugins.firebase.storage.FlutterFirebaseAppRegistrar"
74-->[:firebase_storage] AndroidManifest.xml:12:17-126
75                android:value="com.google.firebase.components.ComponentRegistrar" />
75-->[:firebase_storage] AndroidManifest.xml:13:17-82
76            <meta-data
76-->[:cloud_firestore] AndroidManifest.xml:11:13-13:85
77                android:name="com.google.firebase.components:io.flutter.plugins.firebase.firestore.FlutterFirebaseFirestoreRegistrar"
77-->[:cloud_firestore] AndroidManifest.xml:12:17-134
78                android:value="com.google.firebase.components.ComponentRegistrar" />
78-->[:cloud_firestore] AndroidManifest.xml:13:17-82
79            <meta-data
79-->[:firebase_messaging] AndroidManifest.xml:38:13-40:85
80                android:name="com.google.firebase.components:io.flutter.plugins.firebase.messaging.FlutterFirebaseAppRegistrar"
80-->[:firebase_messaging] AndroidManifest.xml:39:17-128
81                android:value="com.google.firebase.components.ComponentRegistrar" />
81-->[:firebase_messaging] AndroidManifest.xml:40:17-82
82            <meta-data
82-->[:firebase_core] AndroidManifest.xml:11:13-13:85
83                android:name="com.google.firebase.components:io.flutter.plugins.firebase.core.FlutterFirebaseCoreRegistrar"
83-->[:firebase_core] AndroidManifest.xml:12:17-124
84                android:value="com.google.firebase.components.ComponentRegistrar" />
84-->[:firebase_core] AndroidManifest.xml:13:17-82
85            <meta-data
85-->[com.google.firebase:firebase-auth:22.0.0] AndroidManifest.xml:69:13-71:85
86                android:name="com.google.firebase.components:com.google.firebase.auth.FirebaseAuthRegistrar"
86-->[com.google.firebase:firebase-auth:22.0.0] AndroidManifest.xml:70:17-109
87                android:value="com.google.firebase.components.ComponentRegistrar" />
87-->[com.google.firebase:firebase-auth:22.0.0] AndroidManifest.xml:71:17-82
88            <meta-data
88-->[com.google.firebase:firebase-storage:20.2.1] AndroidManifest.xml:32:13-34:85
89                android:name="com.google.firebase.components:com.google.firebase.storage.StorageRegistrar"
89-->[com.google.firebase:firebase-storage:20.2.1] AndroidManifest.xml:33:17-107
90                android:value="com.google.firebase.components.ComponentRegistrar" />
90-->[com.google.firebase:firebase-storage:20.2.1] AndroidManifest.xml:34:17-82
91            <meta-data
91-->[com.google.firebase:firebase-firestore:24.6.1] AndroidManifest.xml:19:13-21:85
92                android:name="com.google.firebase.components:com.google.firebase.firestore.FirestoreRegistrar"
92-->[com.google.firebase:firebase-firestore:24.6.1] AndroidManifest.xml:20:17-111
93                android:value="com.google.firebase.components.ComponentRegistrar" />
93-->[com.google.firebase:firebase-firestore:24.6.1] AndroidManifest.xml:21:17-82
94            <meta-data
94-->[com.google.firebase:firebase-iid:21.1.0] AndroidManifest.xml:32:13-34:85
95                android:name="com.google.firebase.components:com.google.firebase.iid.Registrar"
95-->[com.google.firebase:firebase-iid:21.1.0] AndroidManifest.xml:33:17-96
96                android:value="com.google.firebase.components.ComponentRegistrar" />
96-->[com.google.firebase:firebase-iid:21.1.0] AndroidManifest.xml:34:17-82
97            <meta-data
97-->[com.google.firebase:firebase-messaging:23.1.2] AndroidManifest.xml:55:13-57:85
98                android:name="com.google.firebase.components:com.google.firebase.messaging.FirebaseMessagingRegistrar"
98-->[com.google.firebase:firebase-messaging:23.1.2] AndroidManifest.xml:56:17-119
99                android:value="com.google.firebase.components.ComponentRegistrar" />
99-->[com.google.firebase:firebase-messaging:23.1.2] AndroidManifest.xml:57:17-82
100            <meta-data
100-->[com.google.firebase:firebase-installations:17.1.3] AndroidManifest.xml:17:13-19:85
101                android:name="com.google.firebase.components:com.google.firebase.installations.FirebaseInstallationsRegistrar"
101-->[com.google.firebase:firebase-installations:17.1.3] AndroidManifest.xml:18:17-127
102                android:value="com.google.firebase.components.ComponentRegistrar" />
102-->[com.google.firebase:firebase-installations:17.1.3] AndroidManifest.xml:19:17-82
103            <meta-data
103-->[com.google.firebase:firebase-datatransport:18.1.7] AndroidManifest.xml:27:13-29:85
104                android:name="com.google.firebase.components:com.google.firebase.datatransport.TransportRegistrar"
104-->[com.google.firebase:firebase-datatransport:18.1.7] AndroidManifest.xml:28:17-115
105                android:value="com.google.firebase.components.ComponentRegistrar" />
105-->[com.google.firebase:firebase-datatransport:18.1.7] AndroidManifest.xml:29:17-82
106        </service>
107        <service
107-->[:firebase_messaging] AndroidManifest.xml:16:9-19:72
108            android:name="io.flutter.plugins.firebase.messaging.FlutterFirebaseMessagingBackgroundService"
108-->[:firebase_messaging] AndroidManifest.xml:17:13-107
109            android:exported="false"
109-->[:firebase_messaging] AndroidManifest.xml:18:13-37
110            android:permission="android.permission.BIND_JOB_SERVICE" />
110-->[:firebase_messaging] AndroidManifest.xml:19:13-69
111        <service
111-->[:firebase_messaging] AndroidManifest.xml:20:9-26:19
112            android:name="io.flutter.plugins.firebase.messaging.FlutterFirebaseMessagingService"
112-->[:firebase_messaging] AndroidManifest.xml:21:13-97
113            android:exported="false" >
113-->[:firebase_messaging] AndroidManifest.xml:22:13-37
114            <intent-filter>
114-->[:firebase_messaging] AndroidManifest.xml:23:13-25:29
115                <action android:name="com.google.firebase.MESSAGING_EVENT" />
115-->[:firebase_messaging] AndroidManifest.xml:24:17-78
115-->[:firebase_messaging] AndroidManifest.xml:24:25-75
116            </intent-filter>
117        </service>
118
119        <receiver
119-->[:firebase_messaging] AndroidManifest.xml:28:9-35:20
120            android:name="io.flutter.plugins.firebase.messaging.FlutterFirebaseMessagingReceiver"
120-->[:firebase_messaging] AndroidManifest.xml:29:13-98
121            android:exported="true"
121-->[:firebase_messaging] AndroidManifest.xml:30:13-36
122            android:permission="com.google.android.c2dm.permission.SEND" >
122-->[:firebase_messaging] AndroidManifest.xml:31:13-73
123            <intent-filter>
123-->[:firebase_messaging] AndroidManifest.xml:32:13-34:29
124                <action android:name="com.google.android.c2dm.intent.RECEIVE" />
124-->[:firebase_messaging] AndroidManifest.xml:33:17-81
124-->[:firebase_messaging] AndroidManifest.xml:33:25-78
125            </intent-filter>
126        </receiver>
127
128        <provider
128-->[:firebase_messaging] AndroidManifest.xml:43:9-47:38
129            android:name="io.flutter.plugins.firebase.messaging.FlutterFirebaseMessagingInitProvider"
129-->[:firebase_messaging] AndroidManifest.xml:44:13-102
130            android:authorities="com.example.chatapp.flutterfirebasemessaginginitprovider"
130-->[:firebase_messaging] AndroidManifest.xml:45:13-88
131            android:exported="false"
131-->[:firebase_messaging] AndroidManifest.xml:46:13-37
132            android:initOrder="99" />
132-->[:firebase_messaging] AndroidManifest.xml:47:13-35
133        <provider
133-->[:image_picker_android] AndroidManifest.xml:10:9-18:20
134            android:name="io.flutter.plugins.imagepicker.ImagePickerFileProvider"
134-->[:image_picker_android] AndroidManifest.xml:11:13-82
135            android:authorities="com.example.chatapp.flutter.image_provider"
135-->[:image_picker_android] AndroidManifest.xml:12:13-74
136            android:exported="false"
136-->[:image_picker_android] AndroidManifest.xml:13:13-37
137            android:grantUriPermissions="true" >
137-->[:image_picker_android] AndroidManifest.xml:14:13-47
138            <meta-data
138-->[:image_picker_android] AndroidManifest.xml:15:13-17:75
139                android:name="android.support.FILE_PROVIDER_PATHS"
139-->[:image_picker_android] AndroidManifest.xml:16:17-67
140                android:resource="@xml/flutter_image_picker_file_paths" />
140-->[:image_picker_android] AndroidManifest.xml:17:17-72
141        </provider>
142
143        <activity
143-->[com.google.firebase:firebase-auth:22.0.0] AndroidManifest.xml:29:9-46:20
144            android:name="com.google.firebase.auth.internal.GenericIdpActivity"
144-->[com.google.firebase:firebase-auth:22.0.0] AndroidManifest.xml:30:13-80
145            android:excludeFromRecents="true"
145-->[com.google.firebase:firebase-auth:22.0.0] AndroidManifest.xml:31:13-46
146            android:exported="true"
146-->[com.google.firebase:firebase-auth:22.0.0] AndroidManifest.xml:32:13-36
147            android:launchMode="singleTask"
147-->[com.google.firebase:firebase-auth:22.0.0] AndroidManifest.xml:33:13-44
148            android:theme="@android:style/Theme.Translucent.NoTitleBar" >
148-->[com.google.firebase:firebase-auth:22.0.0] AndroidManifest.xml:34:13-72
149            <intent-filter>
149-->[com.google.firebase:firebase-auth:22.0.0] AndroidManifest.xml:35:13-45:29
150                <action android:name="android.intent.action.VIEW" />
150-->[com.google.firebase:firebase-auth:22.0.0] AndroidManifest.xml:36:17-69
150-->[com.google.firebase:firebase-auth:22.0.0] AndroidManifest.xml:36:25-66
151
152                <category android:name="android.intent.category.DEFAULT" />
152-->[com.google.firebase:firebase-auth:22.0.0] AndroidManifest.xml:38:17-76
152-->[com.google.firebase:firebase-auth:22.0.0] AndroidManifest.xml:38:27-73
153                <category android:name="android.intent.category.BROWSABLE" />
153-->[com.google.firebase:firebase-auth:22.0.0] AndroidManifest.xml:39:17-78
153-->[com.google.firebase:firebase-auth:22.0.0] AndroidManifest.xml:39:27-75
154
155                <data
155-->[com.google.firebase:firebase-auth:22.0.0] AndroidManifest.xml:41:17-44:51
156                    android:host="firebase.auth"
156-->[com.google.firebase:firebase-auth:22.0.0] AndroidManifest.xml:42:21-49
157                    android:path="/"
157-->[com.google.firebase:firebase-auth:22.0.0] AndroidManifest.xml:43:21-37
158                    android:scheme="genericidp" />
158-->[com.google.firebase:firebase-auth:22.0.0] AndroidManifest.xml:44:21-48
159            </intent-filter>
160        </activity>
161        <activity
161-->[com.google.firebase:firebase-auth:22.0.0] AndroidManifest.xml:47:9-64:20
162            android:name="com.google.firebase.auth.internal.RecaptchaActivity"
162-->[com.google.firebase:firebase-auth:22.0.0] AndroidManifest.xml:48:13-79
163            android:excludeFromRecents="true"
163-->[com.google.firebase:firebase-auth:22.0.0] AndroidManifest.xml:49:13-46
164            android:exported="true"
164-->[com.google.firebase:firebase-auth:22.0.0] AndroidManifest.xml:50:13-36
165            android:launchMode="singleTask"
165-->[com.google.firebase:firebase-auth:22.0.0] AndroidManifest.xml:51:13-44
166            android:theme="@android:style/Theme.Translucent.NoTitleBar" >
166-->[com.google.firebase:firebase-auth:22.0.0] AndroidManifest.xml:52:13-72
167            <intent-filter>
167-->[com.google.firebase:firebase-auth:22.0.0] AndroidManifest.xml:53:13-63:29
168                <action android:name="android.intent.action.VIEW" />
168-->[com.google.firebase:firebase-auth:22.0.0] AndroidManifest.xml:36:17-69
168-->[com.google.firebase:firebase-auth:22.0.0] AndroidManifest.xml:36:25-66
169
170                <category android:name="android.intent.category.DEFAULT" />
170-->[com.google.firebase:firebase-auth:22.0.0] AndroidManifest.xml:38:17-76
170-->[com.google.firebase:firebase-auth:22.0.0] AndroidManifest.xml:38:27-73
171                <category android:name="android.intent.category.BROWSABLE" />
171-->[com.google.firebase:firebase-auth:22.0.0] AndroidManifest.xml:39:17-78
171-->[com.google.firebase:firebase-auth:22.0.0] AndroidManifest.xml:39:27-75
172
173                <data
173-->[com.google.firebase:firebase-auth:22.0.0] AndroidManifest.xml:41:17-44:51
174                    android:host="firebase.auth"
174-->[com.google.firebase:firebase-auth:22.0.0] AndroidManifest.xml:42:21-49
175                    android:path="/"
175-->[com.google.firebase:firebase-auth:22.0.0] AndroidManifest.xml:43:21-37
176                    android:scheme="recaptcha" />
176-->[com.google.firebase:firebase-auth:22.0.0] AndroidManifest.xml:44:21-48
177            </intent-filter>
178        </activity>
179
180        <receiver
180-->[com.google.firebase:firebase-messaging:23.1.2] AndroidManifest.xml:31:9-38:20
181            android:name="com.google.firebase.iid.FirebaseInstanceIdReceiver"
181-->[com.google.firebase:firebase-messaging:23.1.2] AndroidManifest.xml:32:13-78
182            android:exported="true"
182-->[com.google.firebase:firebase-messaging:23.1.2] AndroidManifest.xml:33:13-36
183            android:permission="com.google.android.c2dm.permission.SEND" >
183-->[com.google.firebase:firebase-messaging:23.1.2] AndroidManifest.xml:34:13-73
184            <intent-filter>
184-->[:firebase_messaging] AndroidManifest.xml:32:13-34:29
185                <action android:name="com.google.android.c2dm.intent.RECEIVE" />
185-->[:firebase_messaging] AndroidManifest.xml:33:17-81
185-->[:firebase_messaging] AndroidManifest.xml:33:25-78
186            </intent-filter>
187        </receiver>
188        <!--
189             FirebaseMessagingService performs security checks at runtime,
190             but set to not exported to explicitly avoid allowing another app to call it.
191        -->
192        <service
192-->[com.google.firebase:firebase-messaging:23.1.2] AndroidManifest.xml:44:9-51:19
193            android:name="com.google.firebase.messaging.FirebaseMessagingService"
193-->[com.google.firebase:firebase-messaging:23.1.2] AndroidManifest.xml:45:13-82
194            android:directBootAware="true"
194-->[com.google.firebase:firebase-messaging:23.1.2] AndroidManifest.xml:46:13-43
195            android:exported="false" >
195-->[com.google.firebase:firebase-messaging:23.1.2] AndroidManifest.xml:47:13-37
196            <intent-filter android:priority="-500" >
196-->[:firebase_messaging] AndroidManifest.xml:23:13-25:29
197                <action android:name="com.google.firebase.MESSAGING_EVENT" />
197-->[:firebase_messaging] AndroidManifest.xml:24:17-78
197-->[:firebase_messaging] AndroidManifest.xml:24:25-75
198            </intent-filter>
199        </service>
200
201        <provider
201-->[com.google.firebase:firebase-common:20.3.3] AndroidManifest.xml:25:9-30:39
202            android:name="com.google.firebase.provider.FirebaseInitProvider"
202-->[com.google.firebase:firebase-common:20.3.3] AndroidManifest.xml:26:13-77
203            android:authorities="com.example.chatapp.firebaseinitprovider"
203-->[com.google.firebase:firebase-common:20.3.3] AndroidManifest.xml:27:13-72
204            android:directBootAware="true"
204-->[com.google.firebase:firebase-common:20.3.3] AndroidManifest.xml:28:13-43
205            android:exported="false"
205-->[com.google.firebase:firebase-common:20.3.3] AndroidManifest.xml:29:13-37
206            android:initOrder="100" />
206-->[com.google.firebase:firebase-common:20.3.3] AndroidManifest.xml:30:13-36
207
208        <activity
208-->[com.google.android.gms:play-services-base:18.0.1] AndroidManifest.xml:20:9-22:45
209            android:name="com.google.android.gms.common.api.GoogleApiActivity"
209-->[com.google.android.gms:play-services-base:18.0.1] AndroidManifest.xml:20:19-85
210            android:exported="false"
210-->[com.google.android.gms:play-services-base:18.0.1] AndroidManifest.xml:22:19-43
211            android:theme="@android:style/Theme.Translucent.NoTitleBar" />
211-->[com.google.android.gms:play-services-base:18.0.1] AndroidManifest.xml:21:19-78
212
213        <meta-data
213-->[com.google.android.gms:play-services-basement:18.1.0] AndroidManifest.xml:21:9-23:69
214            android:name="com.google.android.gms.version"
214-->[com.google.android.gms:play-services-basement:18.1.0] AndroidManifest.xml:22:13-58
215            android:value="@integer/google_play_services_version" />
215-->[com.google.android.gms:play-services-basement:18.1.0] AndroidManifest.xml:23:13-66
216
217        <provider
217-->[androidx.emoji2:emoji2:1.2.0] AndroidManifest.xml:24:9-32:20
218            android:name="androidx.startup.InitializationProvider"
218-->[androidx.emoji2:emoji2:1.2.0] AndroidManifest.xml:25:13-67
219            android:authorities="com.example.chatapp.androidx-startup"
219-->[androidx.emoji2:emoji2:1.2.0] AndroidManifest.xml:26:13-68
220            android:exported="false" >
220-->[androidx.emoji2:emoji2:1.2.0] AndroidManifest.xml:27:13-37
221            <meta-data
221-->[androidx.emoji2:emoji2:1.2.0] AndroidManifest.xml:29:13-31:52
222                android:name="androidx.emoji2.text.EmojiCompatInitializer"
222-->[androidx.emoji2:emoji2:1.2.0] AndroidManifest.xml:30:17-75
223                android:value="androidx.startup" />
223-->[androidx.emoji2:emoji2:1.2.0] AndroidManifest.xml:31:17-49
224            <meta-data
224-->[androidx.lifecycle:lifecycle-process:2.6.1] AndroidManifest.xml:29:13-31:52
225                android:name="androidx.lifecycle.ProcessLifecycleInitializer"
225-->[androidx.lifecycle:lifecycle-process:2.6.1] AndroidManifest.xml:30:17-78
226                android:value="androidx.startup" />
226-->[androidx.lifecycle:lifecycle-process:2.6.1] AndroidManifest.xml:31:17-49
227            <meta-data
227-->[androidx.profileinstaller:profileinstaller:1.3.0] AndroidManifest.xml:29:13-31:52
228                android:name="androidx.profileinstaller.ProfileInstallerInitializer"
228-->[androidx.profileinstaller:profileinstaller:1.3.0] AndroidManifest.xml:30:17-85
229                android:value="androidx.startup" />
229-->[androidx.profileinstaller:profileinstaller:1.3.0] AndroidManifest.xml:31:17-49
230        </provider>
231
232        <uses-library
232-->[androidx.window:window:1.0.0-beta04] AndroidManifest.xml:25:9-27:40
233            android:name="androidx.window.extensions"
233-->[androidx.window:window:1.0.0-beta04] AndroidManifest.xml:26:13-54
234            android:required="false" />
234-->[androidx.window:window:1.0.0-beta04] AndroidManifest.xml:27:13-37
235        <uses-library
235-->[androidx.window:window:1.0.0-beta04] AndroidManifest.xml:28:9-30:40
236            android:name="androidx.window.sidecar"
236-->[androidx.window:window:1.0.0-beta04] AndroidManifest.xml:29:13-51
237            android:required="false" />
237-->[androidx.window:window:1.0.0-beta04] AndroidManifest.xml:30:13-37
238
239        <service
239-->[com.google.android.datatransport:transport-backend-cct:3.1.8] AndroidManifest.xml:28:9-34:19
240            android:name="com.google.android.datatransport.runtime.backends.TransportBackendDiscovery"
240-->[com.google.android.datatransport:transport-backend-cct:3.1.8] AndroidManifest.xml:29:13-103
241            android:exported="false" >
241-->[com.google.android.datatransport:transport-backend-cct:3.1.8] AndroidManifest.xml:30:13-37
242            <meta-data
242-->[com.google.android.datatransport:transport-backend-cct:3.1.8] AndroidManifest.xml:31:13-33:39
243                android:name="backend:com.google.android.datatransport.cct.CctBackendFactory"
243-->[com.google.android.datatransport:transport-backend-cct:3.1.8] AndroidManifest.xml:32:17-94
244                android:value="cct" />
244-->[com.google.android.datatransport:transport-backend-cct:3.1.8] AndroidManifest.xml:33:17-36
245        </service>
246        <service
246-->[com.google.android.datatransport:transport-runtime:3.1.8] AndroidManifest.xml:26:9-30:19
247            android:name="com.google.android.datatransport.runtime.scheduling.jobscheduling.JobInfoSchedulerService"
247-->[com.google.android.datatransport:transport-runtime:3.1.8] AndroidManifest.xml:27:13-117
248            android:exported="false"
248-->[com.google.android.datatransport:transport-runtime:3.1.8] AndroidManifest.xml:28:13-37
249            android:permission="android.permission.BIND_JOB_SERVICE" >
249-->[com.google.android.datatransport:transport-runtime:3.1.8] AndroidManifest.xml:29:13-69
250        </service>
251
252        <receiver
252-->[com.google.android.datatransport:transport-runtime:3.1.8] AndroidManifest.xml:32:9-34:40
253            android:name="com.google.android.datatransport.runtime.scheduling.jobscheduling.AlarmManagerSchedulerBroadcastReceiver"
253-->[com.google.android.datatransport:transport-runtime:3.1.8] AndroidManifest.xml:33:13-132
254            android:exported="false" />
254-->[com.google.android.datatransport:transport-runtime:3.1.8] AndroidManifest.xml:34:13-37
255        <receiver
255-->[androidx.profileinstaller:profileinstaller:1.3.0] AndroidManifest.xml:34:9-52:20
256            android:name="androidx.profileinstaller.ProfileInstallReceiver"
256-->[androidx.profileinstaller:profileinstaller:1.3.0] AndroidManifest.xml:35:13-76
257            android:directBootAware="false"
257-->[androidx.profileinstaller:profileinstaller:1.3.0] AndroidManifest.xml:36:13-44
258            android:enabled="true"
258-->[androidx.profileinstaller:profileinstaller:1.3.0] AndroidManifest.xml:37:13-35
259            android:exported="true"
259-->[androidx.profileinstaller:profileinstaller:1.3.0] AndroidManifest.xml:38:13-36
260            android:permission="android.permission.DUMP" >
260-->[androidx.profileinstaller:profileinstaller:1.3.0] AndroidManifest.xml:39:13-57
261            <intent-filter>
261-->[androidx.profileinstaller:profileinstaller:1.3.0] AndroidManifest.xml:40:13-42:29
262                <action android:name="androidx.profileinstaller.action.INSTALL_PROFILE" />
262-->[androidx.profileinstaller:profileinstaller:1.3.0] AndroidManifest.xml:41:17-91
262-->[androidx.profileinstaller:profileinstaller:1.3.0] AndroidManifest.xml:41:25-88
263            </intent-filter>
264            <intent-filter>
264-->[androidx.profileinstaller:profileinstaller:1.3.0] AndroidManifest.xml:43:13-45:29
265                <action android:name="androidx.profileinstaller.action.SKIP_FILE" />
265-->[androidx.profileinstaller:profileinstaller:1.3.0] AndroidManifest.xml:44:17-85
265-->[androidx.profileinstaller:profileinstaller:1.3.0] AndroidManifest.xml:44:25-82
266            </intent-filter>
267            <intent-filter>
267-->[androidx.profileinstaller:profileinstaller:1.3.0] AndroidManifest.xml:46:13-48:29
268                <action android:name="androidx.profileinstaller.action.SAVE_PROFILE" />
268-->[androidx.profileinstaller:profileinstaller:1.3.0] AndroidManifest.xml:47:17-88
268-->[androidx.profileinstaller:profileinstaller:1.3.0] AndroidManifest.xml:47:25-85
269            </intent-filter>
270            <intent-filter>
270-->[androidx.profileinstaller:profileinstaller:1.3.0] AndroidManifest.xml:49:13-51:29
271                <action android:name="androidx.profileinstaller.action.BENCHMARK_OPERATION" />
271-->[androidx.profileinstaller:profileinstaller:1.3.0] AndroidManifest.xml:50:17-95
271-->[androidx.profileinstaller:profileinstaller:1.3.0] AndroidManifest.xml:50:25-92
272            </intent-filter>
273        </receiver>
274    </application>
275
276</manifest>